0 info it worked if it ends with ok
1 verbose cli [ '/home/chrisl8/.nvm/versions/node/v0.12.4/bin/node',
1 verbose cli   '/home/chrisl8/.nvm/versions/node/v0.12.4/bin/npm',
1 verbose cli   'install' ]
2 info using npm@2.10.1
3 info using node@v0.12.4
4 verbose readDependencies loading dependencies from /home/chrisl8/devict-arlobot-presentation/presentation/lib/package.json
5 error install Couldn't read dependencies
6 verbose stack Error: ENOENT, open '/home/chrisl8/devict-arlobot-presentation/presentation/lib/package.json'
6 verbose stack     at Error (native)
7 verbose cwd /home/chrisl8/devict-arlobot-presentation/presentation/lib
8 error Linux 3.19.0-16-generic
9 error argv "/home/chrisl8/.nvm/versions/node/v0.12.4/bin/node" "/home/chrisl8/.nvm/versions/node/v0.12.4/bin/npm" "install"
10 error node v0.12.4
11 error npm  v2.10.1
12 error path /home/chrisl8/devict-arlobot-presentation/presentation/lib/package.json
13 error code ENOPACKAGEJSON
14 error errno -2
15 error package.json ENOENT, open '/home/chrisl8/devict-arlobot-presentation/presentation/lib/package.json'
15 error package.json This is most likely not a problem with npm itself.
15 error package.json npm can't find a package.json file in your current directory.
16 verbose exit [ -2, true ]
